<?xml version="1.0" encoding="UTF-8"?>
<!-- Generated by org.testng.reporters.JUnitXMLReporter -->
<testsuite ignored="0" hostname="Ronaks-MBP.attlocal.net" failures="0" tests="3" name="Default test" time="888.392" errors="0" timestamp="2022-06-11T11:27:10 PDT">
  <testcase classname="apartments.com.GetCommunityList" name="applyFiltersAndGetCommunities" time="27.366"/>
  <testcase classname="apartments.com.GetCommunityList" name="filterOutCommunitiesBasedonGoogleReviews" time="852.016"/>
  <testcase classname="apartments.com.GetCommunityList" name="processFinalResults" time="0.004"/>
</testsuite> <!-- Default test -->
