<?xml version="1.0" encoding="UTF-8"?>
<!-- Generated by org.testng.reporters.JUnitXMLReporter -->
<testsuite ignored="0" hostname="Ronaks-MacBook-Pro.local" failures="1" tests="3" name="Test" time="39.616" errors="0" timestamp="2021-03-21T00:59:25 EDT">
  <testcase classname="Academy.HomePageAndLoginTest" name="basePageNavigation" time="11.263"/>
  <testcase classname="Academy.HomePageAndLoginTest" name="basePageNavigation" time="4.806"/>
  <testcase classname="Academy.AssertTitleAndNavigationPaneTest" name="basePageNavigation" time="0.05">
    <failure type="java.lang.AssertionError" message="expected:&amp;lt;Learn Earn &amp;amp; Shine&amp;gt; but was:&amp;lt;XLearn Earn &amp;amp; Shine&amp;gt;">
      <![CDATA[java.lang.AssertionError: expected:<Learn Earn & Shine> but was:<XLearn Earn & Shine>
at Academy.AssertTitleAndNavigationPaneTest.basePageNavigation(AssertTitleAndNavigationPaneTest.java:31)
at java.base/java.util.ArrayList.forEach(ArrayList.java:1507)
... Removed 29 stack frames]]>
    </failure>
  </testcase> <!-- basePageNavigation -->
</testsuite> <!-- Test -->
