<?xml version="1.0" encoding="UTF-8"?>
<!-- Generated by org.testng.reporters.JUnitXMLReporter -->
<testsuite ignored="0" hostname="Ronaks-MBP.attlocal.net" failures="2" tests="2" name="Test1" time="28.846" errors="0" timestamp="2022-06-24T22:19:53 PDT">
  <testcase classname="testCases.HomePageAndLoginTest" name="basePageNavigation" time="13.84">
    <failure type="org.openqa.selenium.WebDriverException" message="unknown error: unexpected command response
  (Session info: chrome=103.0.5060.53)
Build info: version: &amp;apos;4.0.0-beta-1&amp;apos;, revision: &amp;apos;9c03156c2b&amp;apos;
System info: host: &amp;apos;Ronaks-MBP.attlocal.net&amp;apos;, ip: &amp;apos;2600:1700:4a3d:8850:0:0:0:2e%en0&amp;apos;, os.name: &amp;apos;Mac OS X&amp;apos;, os.arch: &amp;apos;x86_64&amp;apos;, os.version: &amp;apos;10.16&amp;apos;, java.version: &amp;apos;13.0.2&amp;apos;
Driver info: org.openqa.selenium.chrome.ChromeDriver
Command: [a43a78f56e41513aaab3d57b1c0e7713, clickElement {id=4d18d8f2-91aa-47de-94f5-cc2bb345b1ec}]
Capabilities {acceptInsecureCerts: false, browserName: chrome, browserVersion: 103.0.5060.53, chrome: {chromedriverVersion: 103.0.5060.53 (a1711811edd7..., userDataDir: /var/folders/87/7639lspj3x5...}, goog:chromeOptions: {debuggerAddress: localhost:52006}, javascriptEnabled: true, networkConnectionEnabled: false, pageLoadStrategy: normal, platform: MAC, platformName: MAC, proxy: Proxy(), setWindowRect: true, strictFileInteractability: false, timeouts: {implicit: 0, pageLoad: 300000, script: 30000}, unhandledPromptBehavior: dismiss and notify, webauthn:extension:credBlob: true, webauthn:extension:largeBlob: true, webauthn:virtualAuthenticators: true}
Element: [[ChromeDriver: chrome on MAC (a43a78f56e41513aaab3d57b1c0e7713)] -&amp;gt; css selector: a[href*=&amp;apos;sign_in&amp;apos;]]
Session ID: a43a78f56e41513aaab3d57b1c0e7713">
      <![CDATA[org.openqa.selenium.WebDriverException: unknown error: unexpected command response
  (Session info: chrome=103.0.5060.53)
Build info: version: '4.0.0-beta-1', revision: '9c03156c2b'
System info: host: 'Ronaks-MBP.attlocal.net', ip: '2600:1700:4a3d:8850:0:0:0:2e%en0', os.name: 'Mac OS X', os.arch: 'x86_64', os.version: '10.16', java.version: '13.0.2'
Driver info: org.openqa.selenium.chrome.ChromeDriver
Command: [a43a78f56e41513aaab3d57b1c0e7713, clickElement {id=4d18d8f2-91aa-47de-94f5-cc2bb345b1ec}]
Capabilities {acceptInsecureCerts: false, browserName: chrome, browserVersion: 103.0.5060.53, chrome: {chromedriverVersion: 103.0.5060.53 (a1711811edd7..., userDataDir: /var/folders/87/7639lspj3x5...}, goog:chromeOptions: {debuggerAddress: localhost:52006}, javascriptEnabled: true, networkConnectionEnabled: false, pageLoadStrategy: normal, platform: MAC, platformName: MAC, proxy: Proxy(), setWindowRect: true, strictFileInteractability: false, timeouts: {implicit: 0, pageLoad: 300000, script: 30000}, unhandledPromptBehavior: dismiss and notify, webauthn:extension:credBlob: true, webauthn:extension:largeBlob: true, webauthn:virtualAuthenticators: true}
Element: [[ChromeDriver: chrome on MAC (a43a78f56e41513aaab3d57b1c0e7713)] -> css selector: a[href*='sign_in']]
Session ID: a43a78f56e41513aaab3d57b1c0e7713
at org.openqa.selenium.remote.codec.w3c.W3CHttpResponseCodec.createException(W3CHttpResponseCodec.java:195)
at org.openqa.selenium.remote.codec.w3c.W3CHttpResponseCodec.decode(W3CHttpResponseCodec.java:128)
at org.openqa.selenium.remote.codec.w3c.W3CHttpResponseCodec.decode(W3CHttpResponseCodec.java:52)
at org.openqa.selenium.remote.HttpCommandExecutor.execute(HttpCommandExecutor.java:181)
at org.openqa.selenium.remote.service.DriverCommandExecutor.invokeExecute(DriverCommandExecutor.java:153)
at org.openqa.selenium.remote.service.DriverCommandExecutor.execute(DriverCommandExecutor.java:128)
at org.openqa.selenium.remote.RemoteWebDriver.execute(RemoteWebDriver.java:620)
at org.openqa.selenium.remote.RemoteWebElement.execute(RemoteWebElement.java:239)
at org.openqa.selenium.remote.RemoteWebElement.click(RemoteWebElement.java:77)
at org.openqa.selenium.support.pagefactory.internal.LocatingElementHandler.invoke(LocatingElementHandler.java:52)
at com.sun.proxy.$Proxy33.click(Unknown Source)
at pages.LandingPage.getLogin(LandingPage.java:29)
at testCases.HomePageAndLoginTest.basePageNavigation(HomePageAndLoginTest.java:38)
at java.base/java.util.ArrayList.forEach(ArrayList.java:1507)
at java.base/java.util.concurrent.FutureTask.run(FutureTask.java:264)
at java.base/java.util.concurrent.ThreadPoolExecutor.runWorker(ThreadPoolExecutor.java:1128)
at java.base/java.util.concurrent.ThreadPoolExecutor$Worker.run(ThreadPoolExecutor.java:628)
at java.base/java.lang.Thread.run(Thread.java:830)
... Removed 27 stack frames]]>
    </failure>
  </testcase> <!-- basePageNavigation -->
  <testcase classname="testCases.HomePageAndLoginTest" name="basePageNavigation" time="3.601">
    <failure type="org.openqa.selenium.ElementClickInterceptedException" message="element click intercepted: Element &amp;lt;a href=&amp;quot;https://courses.rahulshettyacademy.com/sign_in&amp;quot; class=&amp;quot;theme-btn register-btn&amp;quot;&amp;gt;...&amp;lt;/a&amp;gt; is not clickable at point (1155, 81). Other element would receive the click: &amp;lt;div class=&amp;quot;preloader&amp;quot; style=&amp;quot;opacity: 0.284272;&amp;quot;&amp;gt;...&amp;lt;/div&amp;gt;
  (Session info: chrome=103.0.5060.53)
Build info: version: &amp;apos;4.0.0-beta-1&amp;apos;, revision: &amp;apos;9c03156c2b&amp;apos;
System info: host: &amp;apos;Ronaks-MBP.attlocal.net&amp;apos;, ip: &amp;apos;2600:1700:4a3d:8850:0:0:0:2e%en0&amp;apos;, os.name: &amp;apos;Mac OS X&amp;apos;, os.arch: &amp;apos;x86_64&amp;apos;, os.version: &amp;apos;10.16&amp;apos;, java.version: &amp;apos;13.0.2&amp;apos;
Driver info: org.openqa.selenium.chrome.ChromeDriver
Command: [a43a78f56e41513aaab3d57b1c0e7713, clickElement {id=bfe8ca76-cd2a-4fb7-ae5d-10e73ff5c3c3}]
Capabilities {acceptInsecureCerts: false, browserName: chrome, browserVersion: 103.0.5060.53, chrome: {chromedriverVersion: 103.0.5060.53 (a1711811edd7..., userDataDir: /var/folders/87/7639lspj3x5...}, goog:chromeOptions: {debuggerAddress: localhost:52006}, javascriptEnabled: true, networkConnectionEnabled: false, pageLoadStrategy: normal, platform: MAC, platformName: MAC, proxy: Proxy(), setWindowRect: true, strictFileInteractability: false, timeouts: {implicit: 0, pageLoad: 300000, script: 30000}, unhandledPromptBehavior: dismiss and notify, webauthn:extension:credBlob: true, webauthn:extension:largeBlob: true, webauthn:virtualAuthenticators: true}
Element: [[ChromeDriver: chrome on MAC (a43a78f56e41513aaab3d57b1c0e7713)] -&amp;gt; css selector: a[href*=&amp;apos;sign_in&amp;apos;]]
Session ID: a43a78f56e41513aaab3d57b1c0e7713">
      <![CDATA[org.openqa.selenium.ElementClickInterceptedException: element click intercepted: Element <a href="https://courses.rahulshettyacademy.com/sign_in" class="theme-btn register-btn">...</a> is not clickable at point (1155, 81). Other element would receive the click: <div class="preloader" style="opacity: 0.284272;">...</div>
  (Session info: chrome=103.0.5060.53)
Build info: version: '4.0.0-beta-1', revision: '9c03156c2b'
System info: host: 'Ronaks-MBP.attlocal.net', ip: '2600:1700:4a3d:8850:0:0:0:2e%en0', os.name: 'Mac OS X', os.arch: 'x86_64', os.version: '10.16', java.version: '13.0.2'
Driver info: org.openqa.selenium.chrome.ChromeDriver
Command: [a43a78f56e41513aaab3d57b1c0e7713, clickElement {id=bfe8ca76-cd2a-4fb7-ae5d-10e73ff5c3c3}]
Capabilities {acceptInsecureCerts: false, browserName: chrome, browserVersion: 103.0.5060.53, chrome: {chromedriverVersion: 103.0.5060.53 (a1711811edd7..., userDataDir: /var/folders/87/7639lspj3x5...}, goog:chromeOptions: {debuggerAddress: localhost:52006}, javascriptEnabled: true, networkConnectionEnabled: false, pageLoadStrategy: normal, platform: MAC, platformName: MAC, proxy: Proxy(), setWindowRect: true, strictFileInteractability: false, timeouts: {implicit: 0, pageLoad: 300000, script: 30000}, unhandledPromptBehavior: dismiss and notify, webauthn:extension:credBlob: true, webauthn:extension:largeBlob: true, webauthn:virtualAuthenticators: true}
Element: [[ChromeDriver: chrome on MAC (a43a78f56e41513aaab3d57b1c0e7713)] -> css selector: a[href*='sign_in']]
Session ID: a43a78f56e41513aaab3d57b1c0e7713
at org.openqa.selenium.remote.codec.w3c.W3CHttpResponseCodec.createException(W3CHttpResponseCodec.java:195)
at org.openqa.selenium.remote.codec.w3c.W3CHttpResponseCodec.decode(W3CHttpResponseCodec.java:128)
at org.openqa.selenium.remote.codec.w3c.W3CHttpResponseCodec.decode(W3CHttpResponseCodec.java:52)
at org.openqa.selenium.remote.HttpCommandExecutor.execute(HttpCommandExecutor.java:181)
at org.openqa.selenium.remote.service.DriverCommandExecutor.invokeExecute(DriverCommandExecutor.java:153)
at org.openqa.selenium.remote.service.DriverCommandExecutor.execute(DriverCommandExecutor.java:128)
at org.openqa.selenium.remote.RemoteWebDriver.execute(RemoteWebDriver.java:620)
at org.openqa.selenium.remote.RemoteWebElement.execute(RemoteWebElement.java:239)
at org.openqa.selenium.remote.RemoteWebElement.click(RemoteWebElement.java:77)
at org.openqa.selenium.support.pagefactory.internal.LocatingElementHandler.invoke(LocatingElementHandler.java:52)
at com.sun.proxy.$Proxy33.click(Unknown Source)
at pages.LandingPage.getLogin(LandingPage.java:29)
at testCases.HomePageAndLoginTest.basePageNavigation(HomePageAndLoginTest.java:38)
at java.base/java.util.ArrayList.forEach(ArrayList.java:1507)
at java.base/java.util.concurrent.FutureTask.run(FutureTask.java:264)
at java.base/java.util.concurrent.ThreadPoolExecutor.runWorker(ThreadPoolExecutor.java:1128)
at java.base/java.util.concurrent.ThreadPoolExecutor$Worker.run(ThreadPoolExecutor.java:628)
at java.base/java.lang.Thread.run(Thread.java:830)
... Removed 27 stack frames]]>
    </failure>
  </testcase> <!-- basePageNavigation -->
</testsuite> <!-- Test1 -->
