<?xml version="1.0" encoding="UTF-8"?>
<!-- Generated by org.testng.reporters.JUnitXMLReporter -->
<testsuite ignored="0" hostname="Ronaks-MBP.attlocal.net" failures="1" tests="1" name="Test2" time="21.171" errors="0" timestamp="2022-06-24T22:19:45 PDT">
  <testcase classname="testCases.AssertTitleAndNavigationPaneTest" name="basePageNavigation" time="0.086">
    <failure type="java.lang.AssertionError" message="expected [XLearn Earn &amp;amp; Shine] but found [Learn Earn &amp;amp; Shine]">
      <![CDATA[java.lang.AssertionError: expected [XLearn Earn & Shine] but found [Learn Earn & Shine]
at testCases.AssertTitleAndNavigationPaneTest.basePageNavigation(AssertTitleAndNavigationPaneTest.java:34)
at java.base/java.util.ArrayList.forEach(ArrayList.java:1507)
at java.base/java.util.concurrent.FutureTask.run(FutureTask.java:264)
at java.base/java.util.concurrent.ThreadPoolExecutor.runWorker(ThreadPoolExecutor.java:1128)
at java.base/java.util.concurrent.ThreadPoolExecutor$Worker.run(ThreadPoolExecutor.java:628)
at java.base/java.lang.Thread.run(Thread.java:830)
... Removed 24 stack frames]]>
    </failure>
  </testcase> <!-- basePageNavigation -->
</testsuite> <!-- Test2 -->
