<?xml version="1.0" encoding="UTF-8"?>
<!-- Generated by org.testng.reporters.JUnitXMLReporter -->
<testsuite ignored="0" hostname="Ronaks-MacBook-Pro.local" failures="1" tests="1" name="Test2" time="13.232" errors="0" timestamp="2021-03-21T19:38:32 EDT">
  <testcase classname="Academy.AssertTitleAndNavigationPaneTest" name="basePageNavigation" time="0.558">
    <failure type="java.lang.AssertionError" message="expected:&amp;lt;XLearn Earn &amp;amp; Shine&amp;gt; but was:&amp;lt; Learn Earn &amp;amp; Shine&amp;gt;">
      <![CDATA[java.lang.AssertionError: expected:<XLearn Earn & Shine> but was:< Learn Earn & Shine>
at Academy.AssertTitleAndNavigationPaneTest.basePageNavigation(AssertTitleAndNavigationPaneTest.java:31)
at java.base/java.util.ArrayList.forEach(ArrayList.java:1507)
at java.base/java.util.concurrent.FutureTask.run(FutureTask.java:264)
at java.base/java.util.concurrent.ThreadPoolExecutor.runWorker(ThreadPoolExecutor.java:1128)
at java.base/java.util.concurrent.ThreadPoolExecutor$Worker.run(ThreadPoolExecutor.java:628)
at java.base/java.lang.Thread.run(Thread.java:830)
... Removed 20 stack frames]]>
    </failure>
  </testcase> <!-- basePageNavigation -->
</testsuite> <!-- Test2 -->
