<?xml version="1.0" encoding="UTF-8"?>
<!-- Generated by org.testng.reporters.JUnitXMLReporter -->
<testsuite ignored="0" hostname="Ronaks-MBP.attlocal.net" failures="0" tests="4" name="Command line test" time="0.093" errors="0" timestamp="2022-06-24T19:42:42 PDT">
  <testcase classname="testCases.AssertTitleAndNavigationPaneTest" name="@BeforeTest initialize" time="0.01">
    <failure type="java.lang.NullPointerException">
      <![CDATA[java.lang.NullPointerException
at resources.TestBase.initializeDriver(TestBase.java:39)
at testCases.AssertTitleAndNavigationPaneTest.initialize(AssertTitleAndNavigationPaneTest.java:23)
... Removed 34 stack frames]]>
    </failure>
  </testcase> <!-- @BeforeTest initialize -->
  <testcase classname="testCases.HomePageAndLoginTest" name="@BeforeTest initialize" time="-1.656124962046E9">
    <skipped/>
  </testcase> <!-- @BeforeTest initialize -->
  <testcase classname="cricInfo.IndVsAusTest" name="@BeforeMethod initialize" time="-1.656124962102E9">
    <skipped/>
  </testcase> <!-- @BeforeMethod initialize -->
  <testcase classname="testCases.AssertTitleAndNavigationPaneTest" name="@AfterTest tearDown" time="-1.656124962119E9">
    <skipped/>
  </testcase> <!-- @AfterTest tearDown -->
  <testcase classname="testCases.HomePageAndLoginTest" name="@AfterTest tearDown" time="-1.656124962119E9">
    <skipped/>
  </testcase> <!-- @AfterTest tearDown -->
  <testcase classname="cricInfo.IndVsAusTest" name="@AfterTest tearDown" time="-1.656124962119E9">
    <skipped/>
  </testcase> <!-- @AfterTest tearDown -->
  <testcase classname="cricInfo.IndVsAusTest" name="assertPlayerScore" time="0.0">
    <skipped/>
  </testcase> <!-- assertPlayerScore -->
  <testcase classname="testCases.HomePageAndLoginTest" name="basePageNavigation" time="0.0">
    <skipped/>
  </testcase> <!-- basePageNavigation -->
  <testcase classname="testCases.HomePageAndLoginTest" name="basePageNavigation" time="0.0">
    <skipped/>
  </testcase> <!-- basePageNavigation -->
  <testcase classname="testCases.AssertTitleAndNavigationPaneTest" name="basePageNavigation" time="0.0">
    <skipped/>
  </testcase> <!-- basePageNavigation -->
</testsuite> <!-- Command line test -->
