<?xml version="1.0" encoding="UTF-8" ?>
<testsuite tests="10" failures="1" name="TestSuite" time="5.446" errors="0" skipped="9">
  <properties>
[...]
</properties>
  <testcase classname="testCases.AssertTitleAndNavigationPaneTest" name="initialize" time="1.794">
    <failure type="java.lang.NullPointerException">java.lang.NullPointerException
	at resources.TestBase.initializeDriver(TestBase.java:39)
	at testCases.AssertTitleAndNavigationPaneTest.initialize(AssertTitleAndNavigationPaneTest.java:23)
</failure>
    <system-out>Configuring TestNG with: org.apache.maven.surefire.testng.conf.TestNG652Configurator@d2cc05a
</system-out>
  </testcase>
  <testcase classname="testCases.HomePageAndLoginTest" name="initialize" time="1.796">
    <skipped/>
  </testcase>
  <testcase classname="cricInfo.IndVsAusTest" name="initialize" time="1.851">
    <skipped/>
  </testcase>
  <testcase classname="cricInfo.IndVsAusTest" name="assertPlayerScore" time="0.004">
    <skipped/>
  </testcase>
  <testcase classname="testCases.HomePageAndLoginTest" name="basePageNavigation" time="0">
    <skipped/>
  </testcase>
  <testcase classname="testCases.HomePageAndLoginTest" name="basePageNavigation" time="0">
    <skipped/>
  </testcase>
  <testcase classname="testCases.AssertTitleAndNavigationPaneTest" name="basePageNavigation" time="0">
    <skipped/>
  </testcase>
  <testcase classname="testCases.AssertTitleAndNavigationPaneTest" name="tearDown" time="0">
    <skipped/>
  </testcase>
  <testcase classname="testCases.HomePageAndLoginTest" name="tearDown" time="0">
    <skipped/>
  </testcase>
  <testcase classname="cricInfo.IndVsAusTest" name="tearDown" time="0.001">
    <skipped/>
  </testcase>
</testsuite>