-------------------------------------------------------------------------------
Test set: TestSuite
-------------------------------------------------------------------------------
Tests run: 10, Failures: 1, Errors: 0, Skipped: 9, Time elapsed: 2.115 sec <<< FAILURE!
initialize(testCases.AssertTitleAndNavigationPaneTest)  Time elapsed: 1.794 sec  <<< FAILURE!
java.lang.NullPointerException
	at resources.TestBase.initializeDriver(TestBase.java:39)
	at testCases.AssertTitleAndNavigationPaneTest.initialize(AssertTitleAndNavigationPaneTest.java:23)

