<?xml version="1.0" encoding="UTF-8"?>
<testsuite xmlns:xsi="http://www.w3.org/2001/XMLSchema-instance" xsi:noNamespaceSchemaLocation="https://maven.apache.org/surefire/maven-surefire-plugin/xsd/surefire-test-report-3.0.xsd" version="3.0" name="TestSuite" time="41.857" tests="3" errors="0" skipped="0" failures="3">
  <properties>
[...]
</properties>
  <testcase name="basePageNavigation" classname="testCases.AssertTitleAndNavigationPaneTest" time="0.828">
    <failure message="expected [XLearn Earn &amp; Shine] but found [Learn Earn &amp; Shine]" type="java.lang.AssertionError"><![CDATA[java.lang.AssertionError: expected [XLearn Earn & Shine] but found [Learn Earn & Shine]
	at testCases.AssertTitleAndNavigationPaneTest.basePageNavigation(AssertTitleAndNavigationPaneTest.java:34)
]]></failure>
    <system-out><![CDATA[/Users/ronakgavandi/My Drive/Automation Material/Git Repository/E2EProject/reports/screenshots/basePageNavigation_20220616_012902_794.png
]]></system-out>
    <system-err><![CDATA[SLF4J: Failed to load class "org.slf4j.impl.StaticLoggerBinder".
SLF4J: Defaulting to no-operation (NOP) logger implementation
SLF4J: See http://www.slf4j.org/codes.html#StaticLoggerBinder for further details.
Starting ChromeDriver 102.0.5005.61 (0e59bcc00cc4985ce39ad31c150065f159d95ad3-refs/branch-heads/5005@{#819}) on port 30890
Only local connections are allowed.
Please see https://chromedriver.chromium.org/security-considerations for suggestions on keeping ChromeDriver safe.
ChromeDriver was started successfully.
Starting ChromeDriver 102.0.5005.61 (0e59bcc00cc4985ce39ad31c150065f159d95ad3-refs/branch-heads/5005@{#819}) on port 3160
Only local connections are allowed.
Please see https://chromedriver.chromium.org/security-considerations for suggestions on keeping ChromeDriver safe.
ChromeDriver was started successfully.
Jun 16, 2022 1:28:51 PM org.openqa.selenium.remote.ProtocolHandshake createSession
INFO: Detected dialect: W3C
Jun 16, 2022 1:28:51 PM org.openqa.selenium.remote.ProtocolHandshake createSession
INFO: Detected dialect: W3C
Jun 16, 2022 1:28:52 PM org.openqa.selenium.devtools.CdpVersionFinder findNearestMatch
WARNING: Unable to find an exact match for CDP version 102, so returning the closest version found: a no-op implementation
Jun 16, 2022 1:28:52 PM org.openqa.selenium.devtools.CdpVersionFinder findNearestMatch
INFO: Unable to find CDP implementation matching 102.
Jun 16, 2022 1:28:52 PM org.openqa.selenium.chromium.ChromiumDriver lambda$new$0
WARNING: Unable to find version of CDP to use for . You may need to include a dependency on a specific version of the CDP using something similar to `org.seleniumhq.selenium:selenium-devtools-v86:4.0.0-beta-1` where the version ("v86") matches the version of the chromium-based browser you're using and the version number of the artifact is the same as Selenium's.
Jun 16, 2022 1:28:52 PM org.openqa.selenium.devtools.CdpVersionFinder findNearestMatch
WARNING: Unable to find an exact match for CDP version 102, so returning the closest version found: a no-op implementation
Jun 16, 2022 1:28:52 PM org.openqa.selenium.devtools.CdpVersionFinder findNearestMatch
INFO: Unable to find CDP implementation matching 102.
Jun 16, 2022 1:28:52 PM org.openqa.selenium.chromium.ChromiumDriver lambda$new$0
WARNING: Unable to find version of CDP to use for . You may need to include a dependency on a specific version of the CDP using something similar to `org.seleniumhq.selenium:selenium-devtools-v86:4.0.0-beta-1` where the version ("v86") matches the version of the chromium-based browser you're using and the version number of the artifact is the same as Selenium's.
]]></system-err>
  </testcase>
  <testcase name="basePageNavigation[ronakg11@lapandaav.com, JaiGanesh123, Unrestricted User](1)" classname="testCases.HomePageAndLoginTest" time="10.124">
    <failure message="no such element: Unable to locate element: {&quot;method&quot;:&quot;css selector&quot;,&quot;selector&quot;:&quot;a[href*=&apos;forgot_password&apos;]&quot;}&#10;  (Session info: chrome=102.0.5005.115)&#10;For documentation on this error, please visit: https://selenium.dev/exceptions/#no_such_element&#10;Build info: version: &apos;4.0.0-beta-1&apos;, revision: &apos;9c03156c2b&apos;&#10;System info: host: &apos;Ronaks-MBP.attlocal.net&apos;, ip: &apos;2600:1700:4a3d:8850:0:0:0:48%en0&apos;, os.name: &apos;Mac OS X&apos;, os.arch: &apos;x86_64&apos;, os.version: &apos;10.16&apos;, java.version: &apos;13.0.2&apos;&#10;Driver info: org.openqa.selenium.chrome.ChromeDriver&#10;Command: [f5bfffc5e44e977aef7f979b26ec0e28, findElement {using=css selector, value=a[href*=&apos;forgot_password&apos;]}]&#10;Capabilities {acceptInsecureCerts: false, browserName: chrome, browserVersion: 102.0.5005.115, chrome: {chromedriverVersion: 102.0.5005.61 (0e59bcc00cc4..., userDataDir: /var/folders/87/7639lspj3x5...}, goog:chromeOptions: {debuggerAddress: localhost:51462}, javascriptEnabled: true, networkConnectionEnabled: false, pageLoadStrategy: normal, platform: MAC, platformName: MAC, proxy: Proxy(), setWindowRect: true, strictFileInteractability: false, timeouts: {implicit: 0, pageLoad: 300000, script: 30000}, unhandledPromptBehavior: dismiss and notify, webauthn:extension:credBlob: true, webauthn:extension:largeBlob: true, webauthn:virtualAuthenticators: true}&#10;Session ID: f5bfffc5e44e977aef7f979b26ec0e28" type="org.openqa.selenium.NoSuchElementException"><![CDATA[org.openqa.selenium.NoSuchElementException: 
no such element: Unable to locate element: {"method":"css selector","selector":"a[href*='forgot_password']"}
  (Session info: chrome=102.0.5005.115)
For documentation on this error, please visit: https://selenium.dev/exceptions/#no_such_element
Build info: version: '4.0.0-beta-1', revision: '9c03156c2b'
System info: host: 'Ronaks-MBP.attlocal.net', ip: '2600:1700:4a3d:8850:0:0:0:48%en0', os.name: 'Mac OS X', os.arch: 'x86_64', os.version: '10.16', java.version: '13.0.2'
Driver info: org.openqa.selenium.chrome.ChromeDriver
Command: [f5bfffc5e44e977aef7f979b26ec0e28, findElement {using=css selector, value=a[href*='forgot_password']}]
Capabilities {acceptInsecureCerts: false, browserName: chrome, browserVersion: 102.0.5005.115, chrome: {chromedriverVersion: 102.0.5005.61 (0e59bcc00cc4..., userDataDir: /var/folders/87/7639lspj3x5...}, goog:chromeOptions: {debuggerAddress: localhost:51462}, javascriptEnabled: true, networkConnectionEnabled: false, pageLoadStrategy: normal, platform: MAC, platformName: MAC, proxy: Proxy(), setWindowRect: true, strictFileInteractability: false, timeouts: {implicit: 0, pageLoad: 300000, script: 30000}, unhandledPromptBehavior: dismiss and notify, webauthn:extension:credBlob: true, webauthn:extension:largeBlob: true, webauthn:virtualAuthenticators: true}
Session ID: f5bfffc5e44e977aef7f979b26ec0e28
	at testCases.HomePageAndLoginTest.basePageNavigation(HomePageAndLoginTest.java:50)
]]></failure>
    <system-out><![CDATA[/Users/ronakgavandi/My Drive/Automation Material/Git Repository/E2EProject/reports/screenshots/basePageNavigation_20220616_012912_110.png
]]></system-out>
  </testcase>
  <testcase name="basePageNavigation[pangolin11@chaayna.com, JaiVeerHanumaan123, Restricted User](2)" classname="testCases.HomePageAndLoginTest" time="11.904">
    <failure message="no such element: Unable to locate element: {&quot;method&quot;:&quot;css selector&quot;,&quot;selector&quot;:&quot;a[href*=&apos;forgot_password&apos;]&quot;}&#10;  (Session info: chrome=102.0.5005.115)&#10;For documentation on this error, please visit: https://selenium.dev/exceptions/#no_such_element&#10;Build info: version: &apos;4.0.0-beta-1&apos;, revision: &apos;9c03156c2b&apos;&#10;System info: host: &apos;Ronaks-MBP.attlocal.net&apos;, ip: &apos;2600:1700:4a3d:8850:0:0:0:48%en0&apos;, os.name: &apos;Mac OS X&apos;, os.arch: &apos;x86_64&apos;, os.version: &apos;10.16&apos;, java.version: &apos;13.0.2&apos;&#10;Driver info: org.openqa.selenium.chrome.ChromeDriver&#10;Command: [f5bfffc5e44e977aef7f979b26ec0e28, findElement {using=css selector, value=a[href*=&apos;forgot_password&apos;]}]&#10;Capabilities {acceptInsecureCerts: false, browserName: chrome, browserVersion: 102.0.5005.115, chrome: {chromedriverVersion: 102.0.5005.61 (0e59bcc00cc4..., userDataDir: /var/folders/87/7639lspj3x5...}, goog:chromeOptions: {debuggerAddress: localhost:51462}, javascriptEnabled: true, networkConnectionEnabled: false, pageLoadStrategy: normal, platform: MAC, platformName: MAC, proxy: Proxy(), setWindowRect: true, strictFileInteractability: false, timeouts: {implicit: 0, pageLoad: 300000, script: 30000}, unhandledPromptBehavior: dismiss and notify, webauthn:extension:credBlob: true, webauthn:extension:largeBlob: true, webauthn:virtualAuthenticators: true}&#10;Session ID: f5bfffc5e44e977aef7f979b26ec0e28" type="org.openqa.selenium.NoSuchElementException"><![CDATA[org.openqa.selenium.NoSuchElementException: 
no such element: Unable to locate element: {"method":"css selector","selector":"a[href*='forgot_password']"}
  (Session info: chrome=102.0.5005.115)
For documentation on this error, please visit: https://selenium.dev/exceptions/#no_such_element
Build info: version: '4.0.0-beta-1', revision: '9c03156c2b'
System info: host: 'Ronaks-MBP.attlocal.net', ip: '2600:1700:4a3d:8850:0:0:0:48%en0', os.name: 'Mac OS X', os.arch: 'x86_64', os.version: '10.16', java.version: '13.0.2'
Driver info: org.openqa.selenium.chrome.ChromeDriver
Command: [f5bfffc5e44e977aef7f979b26ec0e28, findElement {using=css selector, value=a[href*='forgot_password']}]
Capabilities {acceptInsecureCerts: false, browserName: chrome, browserVersion: 102.0.5005.115, chrome: {chromedriverVersion: 102.0.5005.61 (0e59bcc00cc4..., userDataDir: /var/folders/87/7639lspj3x5...}, goog:chromeOptions: {debuggerAddress: localhost:51462}, javascriptEnabled: true, networkConnectionEnabled: false, pageLoadStrategy: normal, platform: MAC, platformName: MAC, proxy: Proxy(), setWindowRect: true, strictFileInteractability: false, timeouts: {implicit: 0, pageLoad: 300000, script: 30000}, unhandledPromptBehavior: dismiss and notify, webauthn:extension:credBlob: true, webauthn:extension:largeBlob: true, webauthn:virtualAuthenticators: true}
Session ID: f5bfffc5e44e977aef7f979b26ec0e28
	at testCases.HomePageAndLoginTest.basePageNavigation(HomePageAndLoginTest.java:50)
]]></failure>
    <system-out><![CDATA[/Users/ronakgavandi/My Drive/Automation Material/Git Repository/E2EProject/reports/screenshots/basePageNavigation_20220616_012924_016.png
]]></system-out>
  </testcase>
</testsuite>