<?xml version="1.0" encoding="UTF-8"?>
<testng-results ignored="0" total="1" passed="1" failed="0" skipped="0">
  <reporter-output>
  </reporter-output>
  <suite started-at="2022-06-24T22:27:39 PDT" name="Default suite" finished-at="2022-06-24T22:27:55 PDT" duration-ms="16040">
    <groups>
    </groups>
    <test started-at="2022-06-24T22:27:39 PDT" name="Default test" finished-at="2022-06-24T22:27:55 PDT" duration-ms="16040">
      <class name="commentsProject.Oodaymy">
        <test-method is-config="true" signature="initialize()[pri:0, instance:commentsProject.Oodaymy@222eb8aa]" started-at="2022-06-24T22:27:39 PDT" name="initialize" finished-at="2022-06-24T22:27:44 PDT" duration-ms="4171" status="PASS">
          <reporter-output>
          </reporter-output>
        </test-method> <!-- initialize -->
        <test-method signature="extractComments()[pri:0, instance:commentsProject.Oodaymy@222eb8aa]" started-at="2022-06-24T22:27:44 PDT" name="extractComments" finished-at="2022-06-24T22:27:53 PDT" duration-ms="9556" status="PASS">
          <reporter-output>
          </reporter-output>
        </test-method> <!-- extractComments -->
        <test-method is-config="true" signature="tearDown()[pri:0, instance:commentsProject.Oodaymy@222eb8aa]" started-at="2022-06-24T22:27:53 PDT" name="tearDown" finished-at="2022-06-24T22:27:55 PDT" duration-ms="2256" status="PASS">
          <reporter-output>
          </reporter-output>
        </test-method> <!-- tearDown -->
      </class> <!-- commentsProject.Oodaymy -->
    </test> <!-- Default test -->
  </suite> <!-- Default suite -->
</testng-results>
