<?xml version="1.0" encoding="UTF-8"?>
<testng-results ignored="0" total="3" passed="3" failed="0" skipped="0">
  <reporter-output>
  </reporter-output>
  <suite started-at="2022-06-11T11:12:22 PDT" name="Default suite" finished-at="2022-06-11T11:27:10 PDT" duration-ms="888392">
    <groups>
    </groups>
    <test started-at="2022-06-11T11:12:22 PDT" name="Default test" finished-at="2022-06-11T11:27:10 PDT" duration-ms="888392">
      <class name="apartments.com.GetCommunityList">
        <test-method is-config="true" signature="initialize()[pri:0, instance:apartments.com.GetCommunityList@487db668]" started-at="2022-06-11T11:12:22 PDT" name="initialize" finished-at="2022-06-11T11:12:30 PDT" duration-ms="8631" status="PASS">
          <reporter-output>
          </reporter-output>
        </test-method> <!-- initialize -->
        <test-method signature="applyFiltersAndGetCommunities()[pri:0, instance:apartments.com.GetCommunityList@487db668]" started-at="2022-06-11T11:12:30 PDT" name="applyFiltersAndGetCommunities" finished-at="2022-06-11T11:12:58 PDT" duration-ms="27366" status="PASS">
          <reporter-output>
          </reporter-output>
        </test-method> <!-- applyFiltersAndGetCommunities -->
        <test-method signature="filterOutCommunitiesBasedonGoogleReviews()[pri:0, instance:apartments.com.GetCommunityList@487db668]" started-at="2022-06-11T11:12:58 PDT" name="filterOutCommunitiesBasedonGoogleReviews" finished-at="2022-06-11T11:27:10 PDT" depends-on-methods="apartments.com.GetCommunityList.applyFiltersAndGetCommunities" duration-ms="852016" status="PASS">
          <reporter-output>
          </reporter-output>
        </test-method> <!-- filterOutCommunitiesBasedonGoogleReviews -->
        <test-method signature="processFinalResults()[pri:0, instance:apartments.com.GetCommunityList@487db668]" started-at="2022-06-11T11:27:10 PDT" name="processFinalResults" finished-at="2022-06-11T11:27:10 PDT" depends-on-methods="apartments.com.GetCommunityList.filterOutCommunitiesBasedonGoogleReviews" duration-ms="4" status="PASS">
          <reporter-output>
          </reporter-output>
        </test-method> <!-- processFinalResults -->
        <test-method is-config="true" signature="tearDown()[pri:0, instance:apartments.com.GetCommunityList@487db668]" started-at="2022-06-11T11:27:10 PDT" name="tearDown" finished-at="2022-06-11T11:27:10 PDT" duration-ms="289" status="PASS">
          <reporter-output>
          </reporter-output>
        </test-method> <!-- tearDown -->
      </class> <!-- apartments.com.GetCommunityList -->
    </test> <!-- Default test -->
  </suite> <!-- Default suite -->
</testng-results>
