<?xml version="1.0" encoding="UTF-8"?>
<testng-results ignored="0" total="1" passed="1" failed="0" skipped="0">
  <reporter-output>
  </reporter-output>
  <suite started-at="2022-06-27T23:28:35 PDT" name="Default suite" finished-at="2022-06-27T23:28:52 PDT" duration-ms="17813">
    <groups>
    </groups>
    <test started-at="2022-06-27T23:28:35 PDT" name="Default test" finished-at="2022-06-27T23:28:52 PDT" duration-ms="17813">
      <class name="Other.CartTestCases">
        <test-method is-config="true" signature="initialize()[pri:0, instance:Other.CartTestCases@46268f08]" started-at="2022-06-27T23:28:35 PDT" name="initialize" finished-at="2022-06-27T23:28:46 PDT" duration-ms="10980" status="PASS">
          <reporter-output>
          </reporter-output>
        </test-method> <!-- initialize -->
        <test-method signature="basePageNavigation()[pri:0, instance:Other.CartTestCases@46268f08]" started-at="2022-06-27T23:28:46 PDT" name="basePageNavigation" finished-at="2022-06-27T23:28:47 PDT" duration-ms="1576" status="PASS">
          <reporter-output>
          </reporter-output>
        </test-method> <!-- basePageNavigation -->
        <test-method is-config="true" signature="tearDown()[pri:0, instance:Other.CartTestCases@46268f08]" started-at="2022-06-27T23:28:47 PDT" name="tearDown" finished-at="2022-06-27T23:28:52 PDT" duration-ms="5174" status="PASS">
          <reporter-output>
          </reporter-output>
        </test-method> <!-- tearDown -->
      </class> <!-- Other.CartTestCases -->
    </test> <!-- Default test -->
  </suite> <!-- Default suite -->
</testng-results>
